

> @famgia/omnify-react@2.0.5 typecheck /Users/f.satoshi/Herd/omnify-ts/packages/omnify-client-react
> tsc --noEmit

[96msrc/components/JapaneseAddressField.tsx[0m:[93m18[0m:[93m39[0m - [91merror[0m[90m TS2307: [0mCannot find module 'react' or its corresponding type declarations.

[7m18[0m import { useState, useCallback } from 'react';
[7m  [0m [91m                                      ~~~~~~~[0m

[96msrc/components/JapaneseAddressField.tsx[0m:[93m19[0m:[93m54[0m - [91merror[0m[90m TS2307: [0mCannot find module 'antd' or its corresponding type declarations.

[7m19[0m import { Form, Input, Select, Button, message } from 'antd';
[7m  [0m [91m                                                     ~~~~~~[0m

[96msrc/components/JapaneseAddressField.tsx[0m:[93m20[0m:[93m49[0m - [91merror[0m[90m TS2307: [0mCannot find module '@ant-design/icons' or its corresponding type declarations.

[7m20[0m import { SearchOutlined, LoadingOutlined } from '@ant-design/icons';
[7m  [0m [91m                                                ~~~~~~~~~~~~~~~~~~~[0m

[96msrc/components/JapaneseAddressField.tsx[0m:[93m21[0m:[93m35[0m - [91merror[0m[90m TS2307: [0mCannot find module 'antd' or its corresponding type declarations.

[7m21[0m import type { FormInstance } from 'antd';
[7m  [0m [91m                                  ~~~~~~[0m

[96msrc/components/JapaneseAddressField.tsx[0m:[93m22[0m:[93m33[0m - [91merror[0m[90m TS2307: [0mCannot find module 'antd/es/form' or its corresponding type declarations.

[7m22[0m import type { RuleObject } from 'antd/es/form';
[7m  [0m [91m                                ~~~~~~~~~~~~~~[0m

[96msrc/components/JapaneseAddressField.tsx[0m:[93m195[0m:[93m44[0m - [91merror[0m[90m TS2503: [0mCannot find namespace 'React'.

[7m195[0m   const handlePostalCodeChange = async (e: React.ChangeEvent<HTMLInputElement>) => {
[7m   [0m [91m                                           ~~~~~[0m

[96msrc/components/JapaneseAddressField.tsx[0m:[93m210[0m:[93m5[0m - [91merror[0m[90m TS2875: [0mThis JSX tag requires the module path 'react/jsx-runtime' to exist, but none could be found. Make sure you have types for the appropriate package installed.

[7m210[0m     <>
[7m   [0m [91m    ~~[0m

[96msrc/components/JapaneseBankField.tsx[0m:[93m16[0m:[93m47[0m - [91merror[0m[90m TS2307: [0mCannot find module 'antd' or its corresponding type declarations.

[7m16[0m import { Form, Input, Select, Row, Col } from 'antd';
[7m  [0m [91m                                              ~~~~~~[0m

[96msrc/components/JapaneseBankField.tsx[0m:[93m17[0m:[93m35[0m - [91merror[0m[90m TS2307: [0mCannot find module 'antd' or its corresponding type declarations.

[7m17[0m import type { FormInstance } from 'antd';
[7m  [0m [91m                                  ~~~~~~[0m

[96msrc/components/JapaneseBankField.tsx[0m:[93m18[0m:[93m33[0m - [91merror[0m[90m TS2307: [0mCannot find module 'antd/es/form' or its corresponding type declarations.

[7m18[0m import type { RuleObject } from 'antd/es/form';
[7m  [0m [91m                                ~~~~~~~~~~~~~~[0m

[96msrc/components/JapaneseBankField.tsx[0m:[93m91[0m:[93m22[0m - [91merror[0m[90m TS2503: [0mCannot find namespace 'React'.

[7m91[0m   const prefixStyle: React.CSSProperties = {
[7m  [0m [91m                     ~~~~~[0m

[96msrc/components/JapaneseBankField.tsx[0m:[93m100[0m:[93m5[0m - [91merror[0m[90m TS2875: [0mThis JSX tag requires the module path 'react/jsx-runtime' to exist, but none could be found. Make sure you have types for the appropriate package installed.

[7m100[0m     <>
[7m   [0m [91m    ~~[0m

[96msrc/components/JapaneseBankField.tsx[0m:[93m107[0m:[93m25[0m - [91merror[0m[90m TS7026: [0mJSX element implicitly has type 'any' because no interface 'JSX.IntrinsicElements' exists.

[7m107[0m                 prefix={<span style={prefixStyle}>{codeShortLabel}</span>}
[7m   [0m [91m                        ~~~~~~~~~~~~~~~~~~~~~~~~~~[0m

[96msrc/components/JapaneseBankField.tsx[0m:[93m107[0m:[93m67[0m - [91merror[0m[90m TS7026: [0mJSX element implicitly has type 'any' because no interface 'JSX.IntrinsicElements' exists.

[7m107[0m                 prefix={<span style={prefixStyle}>{codeShortLabel}</span>}
[7m   [0m [91m                                                                  ~~~~~~~[0m

[96msrc/components/JapaneseBankField.tsx[0m:[93m116[0m:[93m25[0m - [91merror[0m[90m TS7026: [0mJSX element implicitly has type 'any' because no interface 'JSX.IntrinsicElements' exists.

[7m116[0m                 prefix={<span style={prefixStyle}>{nameShortLabel}</span>}
[7m   [0m [91m                        ~~~~~~~~~~~~~~~~~~~~~~~~~~[0m

[96msrc/components/JapaneseBankField.tsx[0m:[93m116[0m:[93m67[0m - [91merror[0m[90m TS7026: [0mJSX element implicitly has type 'any' because no interface 'JSX.IntrinsicElements' exists.

[7m116[0m                 prefix={<span style={prefixStyle}>{nameShortLabel}</span>}
[7m   [0m [91m                                                                  ~~~~~~~[0m

[96msrc/components/JapaneseBankField.tsx[0m:[93m134[0m:[93m25[0m - [91merror[0m[90m TS7026: [0mJSX element implicitly has type 'any' because no interface 'JSX.IntrinsicElements' exists.

[7m134[0m                 prefix={<span style={prefixStyle}>{codeShortLabel}</span>}
[7m   [0m [91m                        ~~~~~~~~~~~~~~~~~~~~~~~~~~[0m

[96msrc/components/JapaneseBankField.tsx[0m:[93m134[0m:[93m67[0m - [91merror[0m[90m TS7026: [0mJSX element implicitly has type 'any' because no interface 'JSX.IntrinsicElements' exists.

[7m134[0m                 prefix={<span style={prefixStyle}>{codeShortLabel}</span>}
[7m   [0m [91m                                                                  ~~~~~~~[0m

[96msrc/components/JapaneseBankField.tsx[0m:[93m147[0m:[93m25[0m - [91merror[0m[90m TS7026: [0mJSX element implicitly has type 'any' because no interface 'JSX.IntrinsicElements' exists.

[7m147[0m                 prefix={<span style={prefixStyle}>{nameShortLabel}</span>}
[7m   [0m [91m                        ~~~~~~~~~~~~~~~~~~~~~~~~~~[0m

[96msrc/components/JapaneseBankField.tsx[0m:[93m147[0m:[93m67[0m - [91merror[0m[90m TS7026: [0mJSX element implicitly has type 'any' because no interface 'JSX.IntrinsicElements' exists.

[7m147[0m                 prefix={<span style={prefixStyle}>{nameShortLabel}</span>}
[7m   [0m [91m                                                                  ~~~~~~~[0m

[96msrc/components/JapaneseNameField.tsx[0m:[93m17[0m:[93m39[0m - [91merror[0m[90m TS2307: [0mCannot find module 'antd' or its corresponding type declarations.

[7m17[0m import { Form, Input, Row, Col } from 'antd';
[7m  [0m [91m                                      ~~~~~~[0m

[96msrc/components/JapaneseNameField.tsx[0m:[93m18[0m:[93m35[0m - [91merror[0m[90m TS2307: [0mCannot find module 'antd' or its corresponding type declarations.

[7m18[0m import type { FormInstance } from 'antd';
[7m  [0m [91m                                  ~~~~~~[0m

[96msrc/components/JapaneseNameField.tsx[0m:[93m19[0m:[93m33[0m - [91merror[0m[90m TS2307: [0mCannot find module 'antd/es/form' or its corresponding type declarations.

[7m19[0m import type { RuleObject } from 'antd/es/form';
[7m  [0m [91m                                ~~~~~~~~~~~~~~[0m

[96msrc/components/JapaneseNameField.tsx[0m:[93m101[0m:[93m22[0m - [91merror[0m[90m TS2503: [0mCannot find namespace 'React'.

[7m101[0m   const prefixStyle: React.CSSProperties = {
[7m   [0m [91m                     ~~~~~[0m

[96msrc/components/JapaneseNameField.tsx[0m:[93m110[0m:[93m5[0m - [91merror[0m[90m TS2875: [0mThis JSX tag requires the module path 'react/jsx-runtime' to exist, but none could be found. Make sure you have types for the appropriate package installed.

[7m110[0m     <>
[7m   [0m [91m    ~~[0m

[96msrc/components/JapaneseNameField.tsx[0m:[93m116[0m:[93m25[0m - [91merror[0m[90m TS7026: [0mJSX element implicitly has type 'any' because no interface 'JSX.IntrinsicElements' exists.

[7m116[0m                 prefix={<span style={prefixStyle}>{lastnameShortLabel}</span>}
[7m   [0m [91m                        ~~~~~~~~~~~~~~~~~~~~~~~~~~[0m

[96msrc/components/JapaneseNameField.tsx[0m:[93m116[0m:[93m71[0m - [91merror[0m[90m TS7026: [0mJSX element implicitly has type 'any' because no interface 'JSX.IntrinsicElements' exists.

[7m116[0m                 prefix={<span style={prefixStyle}>{lastnameShortLabel}</span>}
[7m   [0m [91m                                                                      ~~~~~~~[0m

[96msrc/components/JapaneseNameField.tsx[0m:[93m124[0m:[93m25[0m - [91merror[0m[90m TS7026: [0mJSX element implicitly has type 'any' because no interface 'JSX.IntrinsicElements' exists.

[7m124[0m                 prefix={<span style={prefixStyle}>{firstnameShortLabel}</span>}
[7m   [0m [91m                        ~~~~~~~~~~~~~~~~~~~~~~~~~~[0m

[96msrc/components/JapaneseNameField.tsx[0m:[93m124[0m:[93m72[0m - [91merror[0m[90m TS7026: [0mJSX element implicitly has type 'any' because no interface 'JSX.IntrinsicElements' exists.

[7m124[0m                 prefix={<span style={prefixStyle}>{firstnameShortLabel}</span>}
[7m   [0m [91m                                                                       ~~~~~~~[0m

[96msrc/components/JapaneseNameField.tsx[0m:[93m142[0m:[93m27[0m - [91merror[0m[90m TS7026: [0mJSX element implicitly has type 'any' because no interface 'JSX.IntrinsicElements' exists.

[7m142[0m                   prefix={<span style={prefixStyle}>{lastnameShortLabel}</span>}
[7m   [0m [91m                          ~~~~~~~~~~~~~~~~~~~~~~~~~~[0m

[96msrc/components/JapaneseNameField.tsx[0m:[93m142[0m:[93m73[0m - [91merror[0m[90m TS7026: [0mJSX element implicitly has type 'any' because no interface 'JSX.IntrinsicElements' exists.

[7m142[0m                   prefix={<span style={prefixStyle}>{lastnameShortLabel}</span>}
[7m   [0m [91m                                                                        ~~~~~~~[0m

[96msrc/components/JapaneseNameField.tsx[0m:[93m154[0m:[93m27[0m - [91merror[0m[90m TS7026: [0mJSX element implicitly has type 'any' because no interface 'JSX.IntrinsicElements' exists.

[7m154[0m                   prefix={<span style={prefixStyle}>{firstnameShortLabel}</span>}
[7m   [0m [91m                          ~~~~~~~~~~~~~~~~~~~~~~~~~~[0m

[96msrc/components/JapaneseNameField.tsx[0m:[93m154[0m:[93m74[0m - [91merror[0m[90m TS7026: [0mJSX element implicitly has type 'any' because no interface 'JSX.IntrinsicElements' exists.

[7m154[0m                   prefix={<span style={prefixStyle}>{firstnameShortLabel}</span>}
[7m   [0m [91m                                                                         ~~~~~~~[0m

[96msrc/hooks/use-form-mutation.ts[0m:[93m42[0m:[93m45[0m - [91merror[0m[90m TS2307: [0mCannot find module '@tanstack/react-query' or its corresponding type declarations.

[7m42[0m import { useMutation, useQueryClient } from '@tanstack/react-query';
[7m  [0m [91m                                            ~~~~~~~~~~~~~~~~~~~~~~~[0m

[96msrc/hooks/use-form-mutation.ts[0m:[93m43[0m:[93m21[0m - [91merror[0m[90m TS2307: [0mCannot find module 'antd' or its corresponding type declarations.

[7m43[0m import { App } from 'antd';
[7m  [0m [91m                    ~~~~~~[0m

[96msrc/hooks/use-form-mutation.ts[0m:[93m44[0m:[93m35[0m - [91merror[0m[90m TS2307: [0mCannot find module 'antd' or its corresponding type declarations.

[7m44[0m import type { FormInstance } from 'antd';
[7m  [0m [91m                                  ~~~~~~[0m

[96msrc/hooks/use-form-mutation.ts[0m:[93m164[0m:[93m17[0m - [91merror[0m[90m TS7006: [0mParameter 'data' implicitly has an 'any' type.

[7m164[0m     onSuccess: (data) => {
[7m   [0m [91m                ~~~~[0m

[96msrc/hooks/use-form-mutation.ts[0m:[93m184[0m:[93m15[0m - [91merror[0m[90m TS7006: [0mParameter 'error' implicitly has an 'any' type.

[7m184[0m     onError: (error) => {
[7m   [0m [91m              ~~~~~[0m

[96msrc/lib/form-validation.ts[0m:[93m19[0m:[93m33[0m - [91merror[0m[90m TS2307: [0mCannot find module 'antd/es/form' or its corresponding type declarations.

[7m19[0m import type { RuleObject } from 'antd/es/form';
[7m  [0m [91m                                ~~~~~~~~~~~~~~[0m

[96msrc/lib/form-validation.ts[0m:[93m20[0m:[93m24[0m - [91merror[0m[90m TS2307: [0mCannot find module 'zod' or its corresponding type declarations.

[7m20[0m import type { z } from 'zod';
[7m  [0m [91m                       ~~~~~[0m

[96msrc/lib/form-validation.ts[0m:[93m45[0m:[93m23[0m - [91merror[0m[90m TS7006: [0mParameter '_' implicitly has an 'any' type.

[7m45[0m     validator: async (_, value) => {
[7m  [0m [91m                      ~[0m

[96msrc/lib/form-validation.ts[0m:[93m45[0m:[93m26[0m - [91merror[0m[90m TS7006: [0mParameter 'value' implicitly has an 'any' type.

[7m45[0m     validator: async (_, value) => {
[7m  [0m [91m                         ~~~~~[0m

[96msrc/lib/rules/kana.ts[0m:[93m27[0m:[93m19[0m - [91merror[0m[90m TS2307: [0mCannot find module 'zod' or its corresponding type declarations.

[7m27[0m import { z } from 'zod';
[7m  [0m [91m                  ~~~~~[0m


Found 43 errors in 6 files.

Errors  Files
     7  src/components/JapaneseAddressField.tsx[90m:18[0m
    13  src/components/JapaneseBankField.tsx[90m:16[0m
    13  src/components/JapaneseNameField.tsx[90m:17[0m
     5  src/hooks/use-form-mutation.ts[90m:42[0m
     4  src/lib/form-validation.ts[90m:19[0m
     1  src/lib/rules/kana.ts[90m:27[0m
[41m[30mâ€‰ELIFECYCLEâ€‰[39m[49m [31mCommand failed with exit code 2.[39m
